build/outputs/logs/manifest-merger-debug-report.txt
-- Merging decision tree log ---
manifest
ADDED from hsae\AndroidManifest.xml:2:1-67:12
	package
		ADDED from hsae\AndroidManifest.xml:3:5-31
	android:versionName
		ADDED from hsae\AndroidManifest.xml:5:5-30
	android:versionCode
		ADDED from hsae\AndroidManifest.xml:4:5-28
		INJECTED from hsae\AndroidManifest.xml
		INJECTED from hsae\AndroidManifest.xml
	xmlns:android
		ADDED from hsae\AndroidManifest.xml:2:11-69
uses-sdk
ADDED from hsae\AndroidManifest.xml:7:5-9:41
	android:targetSdkVersion
		ADDED from hsae\AndroidManifest.xml:9:9-38
	android:minSdkVersion
		ADDED from hsae\AndroidManifest.xml:8:9-35
uses-permission#android.permission.BLUETOOTH_ADMIN
ADDED from hsae\AndroidManifest.xml:11:5-74
	android:name
		ADDED from hsae\AndroidManifest.xml:11:22-71
uses-permission#android.permission.BLUETOOTH
ADDED from hsae\AndroidManifest.xml:12:5-68
	android:name
		ADDED from hsae\AndroidManifest.xml:12:22-65
uses-permission#android.permission.WRITE_EXTERNAL_STORAGE
ADDED from hsae\AndroidManifest.xml:13:5-81
	android:name
		ADDED from hsae\AndroidManifest.xml:13:22-78
uses-permission#android.permission.READ_PHONE_STATE
ADDED from hsae\AndroidManifest.xml:14:5-75
	android:name
		ADDED from hsae\AndroidManifest.xml:14:22-72
uses-permission#android.permission.READ_EXTERNAL_STORAGE
ADDED from hsae\AndroidManifest.xml:15:5-80
	android:name
		ADDED from hsae\AndroidManifest.xml:15:22-77
application
ADDED from hsae\AndroidManifest.xml:17:5-65:19
	android:label
		ADDED from hsae\AndroidManifest.xml:21:9-41
	android:allowBackup
		ADDED from hsae\AndroidManifest.xml:19:9-35
	android:icon
		ADDED from hsae\AndroidManifest.xml:20:9-45
	android:theme
		ADDED from hsae\AndroidManifest.xml:22:9-40
	android:name
		ADDED from hsae\AndroidManifest.xml:18:9-56
activity#com.example.hsae.AppStart
ADDED from hsae\AndroidManifest.xml:23:9-33:20
	android:label
		ADDED from hsae\AndroidManifest.xml:25:13-61
	android:theme
		ADDED from hsae\AndroidManifest.xml:26:13-66
	android:name
		ADDED from hsae\AndroidManifest.xml:24:13-37
intent-filter#android.intent.action.MAIN+android.intent.category.LAUNCHER
ADDED from hsae\AndroidManifest.xml:28:13-32:29
action#android.intent.action.MAIN
ADDED from hsae\AndroidManifest.xml:29:13-65
	android:name
		ADDED from hsae\AndroidManifest.xml:29:21-62
category#android.intent.category.LAUNCHER
ADDED from hsae\AndroidManifest.xml:31:13-73
	android:name
		ADDED from hsae\AndroidManifest.xml:31:23-70
activity#com.example.hsae.MainActivity
ADDED from hsae\AndroidManifest.xml:34:9-43:20
	android:label
		ADDED from hsae\AndroidManifest.xml:36:13-45
	android:name
		ADDED from hsae\AndroidManifest.xml:35:13-41
activity#com.example.hsae.OnLineActivity
ADDED from hsae\AndroidManifest.xml:44:9-45:20
	android:name
		ADDED from hsae\AndroidManifest.xml:44:19-49
activity#com.Bluetooth.DeviceListActivity
ADDED from hsae\AndroidManifest.xml:46:9-51:20
	android:label
		ADDED from hsae\AndroidManifest.xml:49:13-50
	android:configChanges
		ADDED from hsae\AndroidManifest.xml:48:13-63
	android:theme
		ADDED from hsae\AndroidManifest.xml:50:13-61
	android:name
		ADDED from hsae\AndroidManifest.xml:47:13-60
activity#com.Bluetooth.SampleActivityBase
ADDED from hsae\AndroidManifest.xml:52:9-53:20
	android:name
		ADDED from hsae\AndroidManifest.xml:52:19-66
activity#com.example.hsae.DiagnoseActivity
ADDED from hsae\AndroidManifest.xml:54:9-55:20
	android:name
		ADDED from hsae\AndroidManifest.xml:54:19-51
activity#com.example.hsae.RadarActivity
ADDED from hsae\AndroidManifest.xml:57:9-59:20
	android:name
		ADDED from hsae\AndroidManifest.xml:57:19-48
activity#com.DataHandle.deviceInfo
ADDED from hsae\AndroidManifest.xml:60:9-62:20
	android:windowSoftInputMode
		ADDED from hsae\AndroidManifest.xml:61:13-52
	android:name
		ADDED from hsae\AndroidManifest.xml:60:19-59
activity#com.DataHandle.vehicleInfo
ADDED from hsae\AndroidManifest.xml:63:9-72
	android:name
		ADDED from hsae\AndroidManifest.xml:63:19-60